<?xml version="1.0" encoding="UTF-8"?>
<!-- Generated by org.testng.reporters.JUnitReportReporter -->
<testsuite hostname="DESKTOP-9CKIDE8" failures="0" tests="1" name="Runner.TestRunner" time="12.236" errors="0" timestamp="2025-08-01T00:56:29 IST" skipped="0">
  <testcase classname="Runner.TestRunner" name="runScenario" time="12.236"/>
</testsuite> <!-- Runner.TestRunner -->
