<?xml version="1.0" encoding="UTF-8"?>
<!-- Generated by org.testng.reporters.JUnitReportReporter -->
<testsuite hostname="DESKTOP-9CKIDE8" failures="0" tests="1" name="Runner.TestRunner" time="10.625" errors="0" timestamp="2025-08-01T23:03:55 IST" skipped="0">
  <testcase classname="Runner.TestRunner" name="runScenario" time="10.625"/>
</testsuite> <!-- Runner.TestRunner -->
