<?xml version="1.0" encoding="UTF-8"?>
<!-- Generated by org.testng.reporters.JUnitReportReporter -->
<testsuite hostname="DESKTOP-9CKIDE8" failures="0" tests="1" name="Runner.TestRunner" time="6.357" errors="0" timestamp="2025-07-28T20:23:05 IST" skipped="0">
  <testcase classname="Runner.TestRunner" name="runScenario" time="6.357"/>
</testsuite> <!-- Runner.TestRunner -->
